<?xml version="1.0" encoding="UTF-8"?>
<!-- Generated by org.testng.reporters.JUnitReportReporter -->
<testsuite hostname="Teju" failures="0" tests="3" name="Frameworkpractice.tests.SubmitOrderTest" time="35.144" errors="0" timestamp="2024-08-28T18:00:08 IST" skipped="0">
  <testcase classname="Frameworkpractice.tests.SubmitOrderTest" name="submitOrder" time="14.418"/>
  <testcase classname="Frameworkpractice.tests.SubmitOrderTest" name="submitOrder" time="16.590"/>
  <testcase classname="Frameworkpractice.tests.SubmitOrderTest" name="OrderHistoryTest" time="4.136"/>
</testsuite> <!-- Frameworkpractice.tests.SubmitOrderTest -->
