<?xml version="1.0" encoding="UTF-8"?>
<!-- Generated by org.testng.reporters.JUnitReportReporter -->
<testsuite hostname="Teju" failures="0" tests="3" name="Frameworkpractice.tests.SubmitOrderTest" time="24.004" errors="0" timestamp="2024-08-29T14:45:18 IST" skipped="0">
  <testcase classname="Frameworkpractice.tests.SubmitOrderTest" name="submitOrder" time="9.777"/>
  <testcase classname="Frameworkpractice.tests.SubmitOrderTest" name="OrderHistoryTest" time="4.176"/>
  <testcase classname="Frameworkpractice.tests.SubmitOrderTest" name="submitOrder" time="10.051"/>
</testsuite> <!-- Frameworkpractice.tests.SubmitOrderTest -->
